<?xml version="1.0" encoding="UTF-8"?>
<testng-results ignored="0" total="1" passed="1" failed="0" skipped="0">
  <reporter-output>
  </reporter-output>
  <suite started-at="2024-03-22T10:38:37 IST" name="Default suite" finished-at="2024-03-22T10:38:55 IST" duration-ms="18433">
    <groups>
    </groups>
    <test started-at="2024-03-22T10:38:37 IST" name="Default test" finished-at="2024-03-22T10:38:55 IST" duration-ms="18433">
      <class name="basic1.OrganizationTest">
        <test-method signature="CreateOrganizationTest()[pri:0, instance:basic1.OrganizationTest@42e99e4a]" started-at="2024-03-22T10:38:37 IST" name="CreateOrganizationTest" finished-at="2024-03-22T10:38:55 IST" duration-ms="18330" status="PASS">
          <reporter-output>
          </reporter-output>
        </test-method> <!-- CreateOrganizationTest -->
      </class> <!-- basic1.OrganizationTest -->
    </test> <!-- Default test -->
  </suite> <!-- Default suite -->
</testng-results>
